02/10/17 13:36:16 v1.34.5 @ ALI-PC, System/Build Info: 
Using GMP-ECM 6.3, Powered by GMP 5.1.1
cached 78498 primes. pmax = 999983
detected Intel(R) Core(TM) i5-5200U CPU @ 2.20GHz
detected L1 = 32768 bytes, L2 = 3145728 bytes, CL = 64 bytes
measured cpu frequency ~= 2263.439260
using 20 random witnesses for Rabin-Miller PRP checks

02/10/17 13:36:16 v1.34.5 @ ALI-PC, New random seeds: 1221011296, 76547296

02/10/17 13:36:16 v1.34.5 @ ALI-PC, Processing expression: factor(1111111111111111111111111111111111111111111111111111111111111111111111111111111111111111111111111)

02/10/17 13:39:47 v1.34.5 @ ALI-PC, System/Build Info: 
Using GMP-ECM 6.3, Powered by GMP 5.1.1
cached 78498 primes. pmax = 999983
detected Intel(R) Core(TM) i5-5200U CPU @ 2.20GHz
detected L1 = 32768 bytes, L2 = 3145728 bytes, CL = 64 bytes
measured cpu frequency ~= 2061.215290
using 20 random witnesses for Rabin-Miller PRP checks

02/10/17 13:39:47 v1.34.5 @ ALI-PC, New random seeds: 5450264, 3336026412

02/10/17 13:39:47 v1.34.5 @ ALI-PC, Processing expression: factor(97107832478322831038910110783613103476789832291076789101107836158961972971072383253294389107735378983253294383229719101297107615379779210721031936197792107297107198328910310779838989107132983297891329832971078983618323291018383198913832891071329832978913298321018383289373)

02/10/17 13:40:09 v1.34.5 @ ALI-PC, System/Build Info: 
Using GMP-ECM 6.3, Powered by GMP 5.1.1
cached 78498 primes. pmax = 999983
detected Intel(R) Core(TM) i5-5200U CPU @ 2.20GHz
detected L1 = 32768 bytes, L2 = 3145728 bytes, CL = 64 bytes
measured cpu frequency ~= 2828.935330
using 20 random witnesses for Rabin-Miller PRP checks

02/10/17 13:40:09 v1.34.5 @ ALI-PC, New random seeds: 2692466390, 3980612032

02/10/17 13:40:09 v1.34.5 @ ALI-PC, Processing expression: factor(65453637459381111885198811211520302619172225361929424640503140562028284452523012121811111413242229967855624960451829383537598953548575881828345547330346069889322777641187811213598110111128995243111123109129752061651201762002867)

